        Placement Information by Vertex
        ===============================

Generated: Wed Jun  1 17:53:18 2016 for target machine '10.162.177.40'

**** Vertex: 'LiveSpikeReceiver'
Model: live packet gather
Pop size: 1
Sub-vertices: 
  Slice 0:0 (1 atoms) 

**** Vertex: 'pop_backward'
Model: <bound method IFCurrExp.model_name of pop_backward with 100 atoms>
Pop size: 100
Sub-vertices: 
  Slice 0:99 (100 atoms) 

**** Vertex: 'pop_forward'
Model: <bound method IFCurrExp.model_name of pop_forward with 100 atoms>
Pop size: 100
Sub-vertices: 
  Slice 0:99 (100 atoms) 

**** Vertex: 'spike_injector_backward'
Model: ReverseIpTagMultiCastSource
Pop size: 100
Sub-vertices: 
  Slice 0:99 (100 atoms) 

**** Vertex: 'spike_injector_forward'
Model: ReverseIpTagMultiCastSource
Pop size: 100
Sub-vertices: 
  Slice 0:99 (100 atoms) 

