        Placement Information by Core
        =============================

Generated: Wed Jun  1 18:08:12 2016 for target machine '10.162.177.40'

**** Chip: (0, 0)
Application cores: 18
  Processor 1: Vertex: 'spike_injector_forward', pop size: 100
              Slice on this core: 0:99 (100 atoms)
              Model: ReverseIpTagMultiCastSource


  Processor 2: Vertex: 'spike_injector_backward', pop size: 100
              Slice on this core: 0:99 (100 atoms)
              Model: ReverseIpTagMultiCastSource


  Processor 3: Vertex: 'LiveSpikeReceiver', pop size: 1
              Slice on this core: 0:0 (1 atoms)
              Model: live packet gather


  Processor 4: Vertex: 'pop_forward', pop size: 100
              Slice on this core: 0:99 (100 atoms)
              Model: <bound method IFCurrExp.model_name of pop_forward with 100 atoms>


  Processor 5: Vertex: 'pop_backward', pop size: 100
              Slice on this core: 0:99 (100 atoms)
              Model: <bound method IFCurrExp.model_name of pop_backward with 100 atoms>


